<?xml version="1.0" encoding="UTF-8"?>
<testng-results ignored="0" total="1" passed="1" failed="0" skipped="0">
  <reporter-output>
  </reporter-output>
  <suite started-at="2024-06-16T15:01:28 IST" name="Default suite" finished-at="2024-06-16T15:01:39 IST" duration-ms="11070">
    <groups>
    </groups>
    <test started-at="2024-06-16T15:01:28 IST" name="Default test" finished-at="2024-06-16T15:01:39 IST" duration-ms="11070">
      <class name="com.TestToolsQA.TestToolsUTRLPage">
        <test-method signature="TestMainPage()[pri:0, instance:com.TestToolsQA.TestToolsUTRLPage@52719fb6]" started-at="2024-06-16T15:01:28 IST" name="TestMainPage" finished-at="2024-06-16T15:01:39 IST" duration-ms="11027" status="PASS">
          <reporter-output>
          </reporter-output>
        </test-method> <!-- TestMainPage -->
      </class> <!-- com.TestToolsQA.TestToolsUTRLPage -->
    </test> <!-- Default test -->
  </suite> <!-- Default suite -->
</testng-results>
